Build started 9/4/2012 1:14:45 PM.
     1>Project "c:\Users\crupib\documents\visual studio 2010\Projects\opencv_ex1\opencv_ex1\opencv_ex1.vcxproj" on node 2 (rebuild target(s)).
     1>_PrepareForClean:
         Deleting file "Debug\opencv_ex1.lastbuildstate".
       InitializeBuildStatus:
         Touching "Debug\opencv_ex1.unsuccessfulbuild".
       ClCompile:
         c:\Program Files (x86)\Microsoft Visual Studio 10.0\VC\bin\CL.exe /c /IC:\opencv\build\include /ZI /nologo /W3 /WX- /Od /Oy- /D WIN32 /D _DEBUG /D _CONSOLE /Gm /EHsc /RTC1 /MDd /GS /fp:precise /Zc:wchar_t /Zc:forScope /Fo"Debug\\" /Fd"Debug\vc100.pdb" /Gd /TP /analyze- /errorReport:prompt opencv_ex1.cpp
         opencv_ex1.cpp
       ManifestResourceCompile:
         C:\Program Files (x86)\Microsoft SDKs\Windows\v7.0A\bin\rc.exe /nologo /fo"Debug\opencv_ex1.exe.embed.manifest.res" Debug\opencv_ex1_manifest.rc 
       Link:
         c:\Program Files (x86)\Microsoft Visual Studio 10.0\VC\bin\link.exe /ERRORREPORT:PROMPT /OUT:"c:\users\crupib\documents\visual studio 2010\Projects\opencv_ex1\Debug\opencv_ex1.exe" /INCREMENTAL /NOLOGO /LIBPATH:C:\opencv\build\x64\vc10\lib opencv_core240d.lib opencv_highgui240d.lib opencv_imgproc240d.lib opencv_features2d240d.lib opencv_calib3d240d.lib kernel32.lib user32.lib gdi32.lib winspool.lib comdlg32.lib advapi32.lib shell32.lib ole32.lib oleaut32.lib uuid.lib odbc32.lib odbccp32.lib /MANIFEST /ManifestFile:"Debug\opencv_ex1.exe.intermediate.manifest" /MANIFESTUAC:"level='asInvoker' uiAccess='false'" /DEBUG /PDB:"c:\users\crupib\documents\visual studio 2010\Projects\opencv_ex1\Debug\opencv_ex1.pdb" /SUBSYSTEM:CONSOLE /TLBID:1 /DYNAMICBASE /NXCOMPAT /IMPLIB:"c:\users\crupib\documents\visual studio 2010\Projects\opencv_ex1\Debug\opencv_ex1.lib" /MACHINE:X64 Debug\opencv_ex1.exe.embed.manifest.res
         Debug\opencv_ex1.obj
     1>Debug\opencv_ex1.obj : fatal error LNK1112: module machine type 'X86' conflicts with target machine type 'x64'
     1>Done Building Project "c:\Users\crupib\documents\visual studio 2010\Projects\opencv_ex1\opencv_ex1\opencv_ex1.vcxproj" (rebuild target(s)) -- FAILED.

Build FAILED.

Time Elapsed 00:00:02.77
